#
# A fatal error has been detected by the Java Runtime Environment:
#
#  EXCEPTION_ACCESS_VIOLATION (0xc0000005) at pc=0x000000005153c750, pid=11340, tid=15372
#
# JRE version: 6.0_17-b04
# Java VM: Java HotSpot(TM) 64-Bit Server VM (14.3-b01 mixed mode windows-amd64 )
# Problematic frame:
# C  0x000000005153c750
#
# If you would like to submit a bug report, please visit:
#   http://java.sun.com/webapps/bugreport/crash.jsp
# The crash happened outside the Java Virtual Machine in native code.
# See problematic frame for where to report the bug.
#

---------------  T H R E A D  ---------------

Current thread (0x00000000535dd800):  JavaThread "AWT-EventQueue-0" [_thread_in_native, id=15372, stack(0x00000000d4000000,0x00000000d8000000)]

siginfo: ExceptionCode=0xc0000005, reading address 0x0000000000000008

Registers:
EAX=0x000000000000000d, EBX=0x00000000535dd9b8, ECX=0x0000000000000000, EDX=0xffffffffed018319
ESP=0x00000000d7ffe758, EBP=0x000000005c7b2240, ESI=0x00000000535dd9b8, EDI=0x0000000052c0fe30
EIP=0x000000005153c750, EFLAGS=0x0000000000010206

Top of Stack: (sp=0x00000000d7ffe758)
0x00000000d7ffe758:   00000000514e589c 0000000000000000
0x00000000d7ffe768:   00000000535dd9b8 000000005c7b2240
0x00000000d7ffe778:   00000000535dd9b8 0000000048e45a88
0x00000000d7ffe788:   00000000535dd9b8 00000000395c7318
0x00000000d7ffe798:   00000000514c3810 00000000535dd9b8
0x00000000d7ffe7a8:   00000000d7ffee50 00000000d7ffee28
0x00000000d7ffe7b8:   000000005c7b2240 0000000000000014
0x00000000d7ffe7c8:   00000000514e2151 0000000000000010
0x00000000d7ffe7d8:   00000000d7ffee30 0000000000000000
0x00000000d7ffe7e8:   00000000d7ffee28 0000000042a25d10
0x00000000d7ffe7f8:   0000000048e548e8 000000003cda6810
0x00000000d7ffe808:   0000000048e458e0 0000000000000064
0x00000000d7ffe818:   00000000d7ffe818 000000003f4a7a20
0x00000000d7ffe828:   0000000000000001 0000000000000000
0x00000000d7ffe838:   0000000000000001 0000000000000031
0x00000000d7ffe848:   0000000000000000 0000000000000000 

Instructions: (pc=0x000000005153c750)
0x000000005153c740:   48 8b 41 08 48 8b 80 18 0c 00 00 c3 cc cc cc cc
0x000000005153c750:   48 8b 49 08 48 85 c9 74 05 e9 72 f6 fd ff 33 c0 


Stack: [0x00000000d4000000,0x00000000d8000000],  sp=0x00000000d7ffe758,  free space=65529k
Native frames: (J=compiled Java code, j=interpreted, Vv=VM code, C=native code)
C  0x000000005153c750

Java frames: (J=compiled Java code, j=interpreted, Vv=VM code)
J  sun.java2d.windows.GDIBlitLoops.nativeBlit(Lsun/java2d/SurfaceData;Lsun/java2d/SurfaceData;Lsun/java2d/pipe/Region;IIIIIIIIIZ)V
J  sun.java2d.windows.GDIBlitLoops.Blit(Lsun/java2d/SurfaceData;Lsun/java2d/SurfaceData;Ljava/awt/Composite;Lsun/java2d/pipe/Region;IIIIII)V
J  sun.java2d.pipe.DrawImage.copyImage(Lsun/java2d/SunGraphics2D;Ljava/awt/Image;IILjava/awt/Color;Ljava/awt/image/ImageObserver;)Z
J  sun.java2d.SunGraphics2D.drawImage(Ljava/awt/Image;IILjava/awt/Color;Ljava/awt/image/ImageObserver;)Z
J  javax.swing.RepaintManager$PaintManager.paintDoubleBuffered(Ljavax/swing/JComponent;Ljava/awt/Image;Ljava/awt/Graphics;IIII)V
J  javax.swing.RepaintManager$PaintManager.paint(Ljavax/swing/JComponent;Ljavax/swing/JComponent;Ljava/awt/Graphics;IIII)Z
j  javax.swing.RepaintManager.paint(Ljavax/swing/JComponent;Ljavax/swing/JComponent;Ljava/awt/Graphics;IIII)V+52
J  javax.swing.JComponent.paint(Ljava/awt/Graphics;)V
j  java.awt.GraphicsCallback$PaintCallback.run(Ljava/awt/Component;Ljava/awt/Graphics;)V+2
j  sun.awt.SunGraphicsCallback.runOneComponent(Ljava/awt/Component;Ljava/awt/Rectangle;Ljava/awt/Graphics;Ljava/awt/Shape;I)V+155
j  sun.awt.SunGraphicsCallback.runComponents([Ljava/awt/Component;Ljava/awt/Graphics;I)V+104
j  java.awt.Container.paint(Ljava/awt/Graphics;)V+73
J  javax.swing.RepaintManager.paintDirtyRegions(Ljava/util/Map;)V
J  javax.swing.SystemEventQueueUtilities$ComponentWorkRequest.run()V
J  java.awt.EventDispatchThread.pumpOneEventForFilters(I)Z
J  java.awt.EventDispatchThread.pumpEventsForFilter(ILjava/awt/Conditional;Ljava/awt/EventFilter;)V
j  java.awt.EventDispatchThread.pumpEventsForHierarchy(ILjava/awt/Conditional;Ljava/awt/Component;)V+11
j  java.awt.EventDispatchThread.pumpEvents(ILjava/awt/Conditional;)V+4
j  java.awt.EventDispatchThread.pumpEvents(Ljava/awt/Conditional;)V+3
j  java.awt.EventDispatchThread.run()V+9
v  ~StubRoutines::call_stub

---------------  P R O C E S S  ---------------

Java Threads: ( => current thread )
  0x0000000052e0c800 JavaThread "Explorer NavigationContext request queue" daemon [_thread_blocked, id=6744, stack(0x00000000f0000000,0x00000000f4000000)]
  0x0000000052e12800 JavaThread "Prefs Updater" daemon [_thread_blocked, id=360, stack(0x000000001c930000,0x0000000020930000)]
  0x0000000051445000 JavaThread "Timer-2" daemon [_thread_blocked, id=12600, stack(0x0000000134000000,0x0000000138000000)]
  0x0000000051443000 JavaThread "com.jniwrapper.NativeResourceCollector" daemon [_thread_blocked, id=13996, stack(0x000000012c000000,0x0000000130000000)]
  0x0000000052e14800 JavaThread "Swing-Shell" daemon [_thread_blocked, id=14440, stack(0x0000000138000000,0x000000013c000000)]
  0x0000000052e10000 JavaThread "Code Analyzer updating thread" [_thread_blocked, id=15124, stack(0x0000000120000000,0x0000000124000000)]
  0x0000000052e0f800 JavaThread "Code Analyzer updating thread" [_thread_blocked, id=4376, stack(0x000000011c000000,0x0000000120000000)]
  0x0000000052e0f000 JavaThread "Code Analyzer updating thread" [_thread_blocked, id=13736, stack(0x0000000118000000,0x000000011c000000)]
  0x0000000052e0e000 JavaThread "Code Analyzer updating thread" [_thread_blocked, id=15984, stack(0x0000000114000000,0x0000000118000000)]
  0x0000000052e0d800 JavaThread "Code Analyzer updating thread" [_thread_blocked, id=10648, stack(0x0000000110000000,0x0000000114000000)]
  0x0000000052e0c000 JavaThread "Code Analyzer updating thread" [_thread_blocked, id=8280, stack(0x000000010c000000,0x0000000110000000)]
  0x0000000052e0b000 JavaThread "Code Analyzer updating thread" [_thread_blocked, id=11652, stack(0x0000000108000000,0x000000010c000000)]
  0x0000000052e0a800 JavaThread "Code Analyzer updating thread" [_thread_blocked, id=9248, stack(0x0000000104000000,0x0000000108000000)]
  0x0000000052e09800 JavaThread "Code Analyzer updating thread" [_thread_blocked, id=14068, stack(0x0000000100000000,0x0000000104000000)]
  0x0000000052e09000 JavaThread "Active Reference Queue Daemon" daemon [_thread_blocked, id=10912, stack(0x00000000fc000000,0x0000000100000000)]
  0x0000000052e08800 JavaThread "Timer-1" daemon [_thread_blocked, id=13068, stack(0x00000000f8000000,0x00000000fc000000)]
  0x0000000052e07800 JavaThread "ClipboardMonitor Timer" daemon [_thread_blocked, id=13096, stack(0x00000000f4000000,0x00000000f8000000)]
  0x00000000535e1000 JavaThread "AddressBar directory emptiness poller" daemon [_thread_blocked, id=12276, stack(0x00000000e8000000,0x00000000ec000000)]
  0x00000000535e0800 JavaThread "Explorer Refresh Service 2045894880" daemon [_thread_blocked, id=13524, stack(0x00000000e4000000,0x00000000e8000000)]
  0x00000000535df800 JavaThread "Thread-4" daemon [_thread_blocked, id=4536, stack(0x00000000e0000000,0x00000000e4000000)]
  0x00000000535df000 JavaThread "TimerQueue" daemon [_thread_blocked, id=2604, stack(0x00000000dc000000,0x00000000e0000000)]
  0x00000000535de000 JavaThread "Thread-3" daemon [_thread_blocked, id=9556, stack(0x00000000d8000000,0x00000000dc000000)]
=>0x00000000535dd800 JavaThread "AWT-EventQueue-0" [_thread_in_native, id=15372, stack(0x00000000d4000000,0x00000000d8000000)]
  0x00000000535da800 JavaThread "AWT-Shutdown" [_thread_blocked, id=15944, stack(0x00000000ac000000,0x00000000b0000000)]
  0x00000000535dd000 JavaThread "FelixPackageAdmin" daemon [_thread_blocked, id=13516, stack(0x00000000d0000000,0x00000000d4000000)]
  0x00000000535dc000 JavaThread "FelixStartLevel" daemon [_thread_blocked, id=14432, stack(0x00000000cc000000,0x00000000d0000000)]
  0x00000000535db800 JavaThread "FelixDispatchQueue" daemon [_thread_blocked, id=15300, stack(0x00000000c8000000,0x00000000cc000000)]
  0x00000000529cc800 JavaThread "com.google.common.base.internal.Finalizer" daemon [_thread_blocked, id=14308, stack(0x00000000b8000000,0x00000000bc000000)]
  0x00000000529c2000 JavaThread "AWT-Windows" daemon [_thread_in_native, id=11856, stack(0x00000000b0000000,0x00000000b4000000)]
  0x00000000529bc800 JavaThread "Java2D Disposer" daemon [_thread_blocked, id=13596, stack(0x00000000a8000000,0x00000000ac000000)]
  0x000000005252d800 JavaThread "Timer-0" [_thread_blocked, id=16068, stack(0x00000000a4000000,0x00000000a8000000)]
  0x000000005242a800 JavaThread "EventMgr Dispatcher" daemon [_thread_in_native, id=15960, stack(0x00000000a0000000,0x00000000a4000000)]
  0x00000000513ea800 JavaThread "Low Memory Detector" daemon [_thread_blocked, id=3320, stack(0x0000000098000000,0x000000009c000000)]
  0x00000000513e3800 JavaThread "CompilerThread1" daemon [_thread_blocked, id=12696, stack(0x0000000094000000,0x0000000098000000)]
  0x00000000513dd800 JavaThread "CompilerThread0" daemon [_thread_blocked, id=8900, stack(0x0000000090000000,0x0000000094000000)]
  0x00000000513d7800 JavaThread "Attach Listener" daemon [_thread_blocked, id=7468, stack(0x000000008c000000,0x0000000090000000)]
  0x000000005137b000 JavaThread "Finalizer" daemon [_thread_blocked, id=12884, stack(0x0000000088000000,0x000000008c000000)]
  0x000000005137a000 JavaThread "Reference Handler" daemon [_thread_blocked, id=10724, stack(0x0000000084000000,0x0000000088000000)]
  0x0000000006ca6800 JavaThread "main" [_thread_in_native, id=5368, stack(0x0000000000030000,0x0000000004030000)]

Other Threads:
  0x0000000051375800 VMThread [stack: 0x0000000080000000,0x0000000084000000] [id=3764]
  0x000000005141d800 WatcherThread [stack: 0x000000009c000000,0x00000000a0000000] [id=3584]

VM state:not at safepoint (normal execution)

VM Mutex/Monitor currently owned by a thread: None

Heap
 PSYoungGen      total 49728K, used 48667K [0x0000000045f20000, 0x0000000049020000, 0x0000000049020000)
  eden space 49408K, 97% used [0x0000000045f20000,0x0000000048e56f60,0x0000000048f60000)
  from space 320K, 100% used [0x0000000048fd0000,0x0000000049020000,0x0000000049020000)
  to   space 384K, 0% used [0x0000000048f60000,0x0000000048f60000,0x0000000048fc0000)
 PSOldGen        total 150528K, used 143773K [0x000000003cc20000, 0x0000000045f20000, 0x0000000045f20000)
  object space 150528K, 95% used [0x000000003cc20000,0x0000000045887688,0x0000000045f20000)
 PSPermGen       total 106816K, used 75437K [0x0000000034c20000, 0x000000003b470000, 0x000000003cc20000)
  object space 106816K, 70% used [0x0000000034c20000,0x00000000395cb678,0x000000003b470000)

Dynamic libraries:
0x0000000140000000 - 0x0000000140028000 	C:\Program Files\MATLAB\R2013a\bin\win64\MATLAB.exe
0x00000000779e0000 - 0x0000000077b89000 	C:\Windows\SYSTEM32\ntdll.dll
0x00000000778c0000 - 0x00000000779df000 	C:\Windows\system32\kernel32.dll
0x000007fefd940000 - 0x000007fefd9ab000 	C:\Windows\system32\KERNELBASE.dll
0x0000000074460000 - 0x0000000074515000 	C:\Program Files\MATLAB\R2013a\bin\win64\libut.dll
0x00000000758a0000 - 0x000000007595f000 	C:\Program Files\MATLAB\R2013a\bin\win64\libmwi18n.dll
0x0000000180000000 - 0x000000018000d000 	C:\Program Files\MATLAB\R2013a\bin\win64\libmwresource_core.dll
0x0000000057c00000 - 0x0000000057c98000 	C:\Program Files\MATLAB\R2013a\bin\win64\MSVCP100.dll
0x000000005eea0000 - 0x000000005ef72000 	C:\Program Files\MATLAB\R2013a\bin\win64\MSVCR100.dll
0x000000006b080000 - 0x000000006b08e000 	C:\Program Files\MATLAB\R2013a\bin\win64\boost_date_time-vc100-mt-1_49.dll
0x000000005ee70000 - 0x000000005ee9c000 	C:\Program Files\MATLAB\R2013a\bin\win64\boost_filesystem-vc100-mt-1_49.dll
0x000000006b0b0000 - 0x000000006b0b9000 	C:\Program Files\MATLAB\R2013a\bin\win64\boost_system-vc100-mt-1_49.dll
0x000007feff8a0000 - 0x000007feff97b000 	C:\Windows\system32\ADVAPI32.dll
0x000007feffa90000 - 0x000007feffb2f000 	C:\Windows\system32\msvcrt.dll
0x000007fefdcb0000 - 0x000007fefdccf000 	C:\Windows\SYSTEM32\sechost.dll
0x000007fefddd0000 - 0x000007fefdefd000 	C:\Windows\system32\RPCRT4.dll
0x000000005ff10000 - 0x000000005ff35000 	C:\Program Files\MATLAB\R2013a\bin\win64\LIBEXPAT.dll
0x0000000054580000 - 0x000000005470a000 	C:\Program Files\MATLAB\R2013a\bin\win64\icuin49.dll
0x0000000057ac0000 - 0x0000000057bfe000 	C:\Program Files\MATLAB\R2013a\bin\win64\icuuc49.dll
0x000000000f200000 - 0x0000000010322000 	C:\Program Files\MATLAB\R2013a\bin\win64\icudt49.dll
0x000000006a480000 - 0x000000006a490000 	C:\Program Files\MATLAB\R2013a\bin\win64\icuio49.dll
0x0000000073f70000 - 0x0000000074112000 	C:\Program Files\MATLAB\R2013a\bin\win64\libmwfl.dll
0x000000007a350000 - 0x000000007a737000 	C:\Program Files\MATLAB\R2013a\bin\win64\libmwMATLAB_res.dll
0x00000000568b0000 - 0x000000005698f000 	C:\Program Files\MATLAB\R2013a\bin\win64\boost_regex-vc100-mt-1_49.dll
0x00000000777c0000 - 0x00000000778ba000 	C:\Windows\system32\USER32.dll
0x000007feff6f0000 - 0x000007feff757000 	C:\Windows\system32\GDI32.dll
0x000007fefdca0000 - 0x000007fefdcae000 	C:\Windows\system32\LPK.dll
0x000007fefdbd0000 - 0x000007fefdc99000 	C:\Windows\system32\USP10.dll
0x0000000060480000 - 0x0000000060491000 	C:\Program Files\MATLAB\R2013a\bin\win64\boost_signals-vc100-mt-1_49.dll
0x0000000065980000 - 0x0000000065991000 	C:\Program Files\MATLAB\R2013a\bin\win64\boost_thread-vc100-mt-1_49.dll
0x000007fef2c40000 - 0x000007fef2ccc000 	C:\Program Files\MATLAB\R2013a\bin\win64\boost_log-vc100-mt-1_49.dll
0x0000000077bb0000 - 0x0000000077bb7000 	C:\Windows\system32\PSAPI.DLL
0x000007feffca0000 - 0x000007feffced000 	C:\Windows\system32\WS2_32.dll
0x000007feffc90000 - 0x000007feffc98000 	C:\Windows\system32\NSI.dll
0x000007fefb7a0000 - 0x000007fefb7d3000 	C:\Program Files\MATLAB\R2013a\bin\win64\tbb.dll
0x000007fefefa0000 - 0x000007fefefb9000 	C:\Windows\system32\imagehlp.dll
0x000007fefc450000 - 0x000007fefc47c000 	C:\Windows\system32\POWRPROF.dll
0x000007feff510000 - 0x000007feff6e7000 	C:\Windows\system32\SETUPAPI.dll
0x000007fefd900000 - 0x000007fefd936000 	C:\Windows\system32\CFGMGR32.dll
0x000007feff9b0000 - 0x000007feffa87000 	C:\Windows\system32\OLEAUT32.dll
0x000007fefefc0000 - 0x000007feff1c3000 	C:\Windows\system32\ole32.dll
0x000007fefdbb0000 - 0x000007fefdbca000 	C:\Windows\system32\DEVOBJ.dll
0x0000000004100000 - 0x0000000004121000 	C:\Program Files\MATLAB\R2013a\bin\win64\libmwmfl_scalar.dll
0x000007fefbc10000 - 0x000007fefbd35000 	C:\Windows\system32\dbghelp.dll
0x00000000042e0000 - 0x000000000460f000 	C:\Program Files\MATLAB\R2013a\bin\win64\libmwservices.dll
0x0000000075a20000 - 0x0000000075b0b000 	C:\Program Files\MATLAB\R2013a\bin\win64\libmx.dll
0x000007fefb730000 - 0x000007fefb758000 	C:\Program Files\MATLAB\R2013a\bin\win64\tbbmalloc.dll
0x0000000057aa0000 - 0x0000000057ab7000 	C:\Program Files\MATLAB\R2013a\bin\win64\zlib1.dll
0x0000000004130000 - 0x000000000417e000 	C:\Program Files\MATLAB\R2013a\bin\win64\libmwregexp.dll
0x0000000075f10000 - 0x0000000075f57000 	C:\Program Files\MATLAB\R2013a\bin\win64\mpath.dll
0x000000007b680000 - 0x000000007bc66000 	C:\Program Files\MATLAB\R2013a\bin\win64\mlutil.dll
0x00000000754d0000 - 0x0000000075547000 	C:\Program Files\MATLAB\R2013a\bin\win64\xmlcore.dll
0x000000007b2f0000 - 0x000000007b531000 	C:\Program Files\MATLAB\R2013a\bin\win64\xerces-c_2_7.dll
0x0000000004190000 - 0x00000000041b2000 	C:\Program Files\MATLAB\R2013a\bin\win64\libmwMATLAB_settings_res.dll
0x000007fefb7f0000 - 0x000007fefb800000 	C:\Program Files\MATLAB\R2013a\bin\win64\boost_iostreams-vc100-mt-1_49.dll
0x000007fef83c0000 - 0x000007fef8406000 	C:\Program Files\MATLAB\R2013a\bin\win64\boost_serialization-vc100-mt-1_49.dll
0x000007fefe1b0000 - 0x000007fefef38000 	C:\Windows\system32\SHELL32.dll
0x000007fefdcd0000 - 0x000007fefdd41000 	C:\Windows\system32\SHLWAPI.dll
0x00000000041c0000 - 0x00000000041c6000 	C:\Program Files\MATLAB\R2013a\bin\win64\libmwnativedisplay.dll
0x000007fef3880000 - 0x000007fef3920000 	C:\Windows\WinSxS\amd64_microsoft.windows.common-controls_6595b64144ccf1df_5.82.7601.18201_none_a4d3b9377117c3df\COMCTL32.dll
0x000007feff800000 - 0x000007feff897000 	C:\Windows\system32\COMDLG32.dll
0x000007fefcaf0000 - 0x000007fefcb06000 	C:\Windows\system32\NETAPI32.dll
0x000007fefcbf0000 - 0x000007fefcbfc000 	C:\Windows\system32\netutils.dll
0x000007fefd2b0000 - 0x000007fefd2d3000 	C:\Windows\system32\srvcli.dll
0x000007fefcad0000 - 0x000007fefcae5000 	C:\Windows\system32\wkscli.dll
0x0000000074970000 - 0x0000000074a18000 	C:\Program Files\MATLAB\R2013a\bin\win64\mcr.dll
0x0000000075000000 - 0x00000000753b1000 	C:\Program Files\MATLAB\R2013a\bin\win64\iqm.dll
0x0000000074e80000 - 0x0000000074f30000 	C:\Program Files\MATLAB\R2013a\bin\win64\m_dispatcher.dll
0x0000000004610000 - 0x0000000004e18000 	C:\Program Files\MATLAB\R2013a\bin\win64\m_interpreter.dll
0x0000000004e20000 - 0x0000000004e44000 	C:\Program Files\MATLAB\R2013a\bin\win64\libmex.dll
0x0000000075430000 - 0x00000000754ab000 	C:\Program Files\MATLAB\R2013a\bin\win64\profiler.dll
0x0000000004e50000 - 0x00000000050d3000 	C:\Program Files\MATLAB\R2013a\bin\win64\libmwmathutil.dll
0x0000000079f40000 - 0x0000000079f66000 	C:\Program Files\MATLAB\R2013a\bin\win64\libmwmathrng.dll
0x00000000041d0000 - 0x00000000041e0000 	C:\Program Files\MATLAB\R2013a\bin\win64\libmwmfl_rng.dll
0x0000000074c10000 - 0x0000000074cf8000 	C:\Program Files\MATLAB\R2013a\bin\win64\libmwmathcore.dll
0x0000000076160000 - 0x00000000761c3000 	C:\Program Files\MATLAB\R2013a\bin\win64\libmwspmatrix.dll
0x00000000050e0000 - 0x0000000005336000 	C:\Program Files\MATLAB\R2013a\bin\win64\mcos.dll
0x0000000075ea0000 - 0x0000000075f02000 	C:\Program Files\MATLAB\R2013a\bin\win64\libmwcholmod.dll
0x0000000005350000 - 0x000000000535d000 	C:\Program Files\MATLAB\R2013a\bin\win64\libmwamd.dll
0x000000006ad10000 - 0x000000006adb3000 	C:\Windows\WinSxS\amd64_microsoft.vc90.crt_1fc8b3b9a1e18e3b_9.0.30729.6161_none_08e61857a83bc251\MSVCR90.dll
0x0000000005370000 - 0x000000000537c000 	C:\Program Files\MATLAB\R2013a\bin\win64\libmwcolamd.dll
0x000000007a290000 - 0x000000007a2a3000 	C:\Program Files\MATLAB\R2013a\bin\win64\libmwblas.dll
0x000000007a310000 - 0x000000007a325000 	C:\Program Files\MATLAB\R2013a\bin\win64\libmwbinder.dll
0x0000000005390000 - 0x000000000539b000 	C:\Program Files\MATLAB\R2013a\bin\win64\libmwompwrapper.dll
0x0000000075820000 - 0x000000007589e000 	C:\Program Files\MATLAB\R2013a\bin\win64\libmwlapack.dll
0x000000007a1b0000 - 0x000000007a1d0000 	C:\Program Files\MATLAB\R2013a\bin\win64\m_pcodeio.dll
0x0000000079b10000 - 0x0000000079b6c000 	C:\Program Files\MATLAB\R2013a\bin\win64\m_ir.dll
0x0000000078ed0000 - 0x0000000079579000 	C:\Program Files\MATLAB\R2013a\bin\win64\m_parser.dll
0x000000007a2f0000 - 0x000000007a307000 	C:\Program Files\MATLAB\R2013a\bin\win64\ir_xfmr.dll
0x00000000053a0000 - 0x00000000053b0000 	C:\Program Files\MATLAB\R2013a\bin\win64\mtok.dll
0x000000007a130000 - 0x000000007a158000 	C:\Program Files\MATLAB\R2013a\bin\win64\m_pcodegen.dll
0x0000000079fb0000 - 0x0000000079fdf000 	C:\Program Files\MATLAB\R2013a\bin\win64\libmwbridge.dll
0x0000000074f40000 - 0x0000000074ff6000 	C:\Program Files\MATLAB\R2013a\bin\win64\udd.dll
0x0000000073cc0000 - 0x0000000073e0e000 	C:\Program Files\MATLAB\R2013a\bin\win64\libmwgui.dll
0x000000007a1d0000 - 0x000000007a1f4000 	C:\Program Files\MATLAB\R2013a\bin\win64\graphics_util.dll
0x000007fee8470000 - 0x000007fee8528000 	C:\Program Files\MATLAB\R2013a\bin\win64\libtex_base.dll
0x00000000053b0000 - 0x0000000005cf3000 	C:\Program Files\MATLAB\R2013a\bin\win64\hg.dll
0x0000000076100000 - 0x000000007615a000 	C:\Program Files\MATLAB\R2013a\bin\win64\libmat.dll
0x0000000072d30000 - 0x0000000072f38000 	C:\Program Files\MATLAB\R2013a\bin\win64\hdf5dll.dll
0x0000000075710000 - 0x00000000757d8000 	C:\Program Files\MATLAB\R2013a\bin\win64\jmi.dll
0x0000000005d10000 - 0x0000000005d1e000 	C:\Program Files\MATLAB\R2013a\bin\win64\nativejava_services.dll
0x0000000005d20000 - 0x0000000005d60000 	C:\Program Files\MATLAB\R2013a\bin\win64\libmwhardcopy.dll
0x0000000075c70000 - 0x0000000075cce000 	C:\Program Files\MATLAB\R2013a\bin\win64\libuij.dll
0x0000000072f50000 - 0x000000007318f000 	C:\Program Files\MATLAB\R2013a\bin\win64\hgdatatypes.dll
0x0000000005d60000 - 0x0000000005e4b000 	C:\Program Files\MATLAB\R2013a\bin\win64\hgutils.dll
0x0000000005e50000 - 0x0000000005efe000 	C:\Program Files\MATLAB\R2013a\bin\win64\udd_mi.dll
0x0000000005f00000 - 0x0000000005f36000 	C:\Program Files\MATLAB\R2013a\bin\win64\libmwgbtutils.dll
0x0000000005f40000 - 0x0000000005f54000 	C:\Program Files\MATLAB\R2013a\bin\win64\libmwgbt.dll
0x0000000005f60000 - 0x000000000622e000 	C:\Program Files\MATLAB\R2013a\bin\win64\uiw.dll
0x0000000006230000 - 0x0000000006239000 	C:\Program Files\MATLAB\R2013a\bin\win64\uinone.dll
0x0000000006240000 - 0x0000000006266000 	C:\Program Files\MATLAB\R2013a\bin\win64\libmwnativefiledialogs.dll
0x0000000006270000 - 0x000000000627c000 	C:\Program Files\MATLAB\R2013a\bin\win64\libmwplatform_res.dll
0x000007fefb520000 - 0x000007fefb538000 	C:\Windows\system32\MPR.dll
0x0000000006280000 - 0x00000000067dd000 	C:\Program Files\MATLAB\R2013a\bin\win64\mfc100.dll
0x000007fef9890000 - 0x000007fef9897000 	C:\Windows\system32\MSIMG32.dll
0x000007fef98a0000 - 0x000007fef9911000 	C:\Windows\system32\WINSPOOL.DRV
0x00000000067e0000 - 0x00000000067fd000 	C:\Program Files\MATLAB\R2013a\bin\win64\mwoles05.DLL
0x0000000006800000 - 0x000000000686c000 	C:\Program Files\MATLAB\R2013a\bin\win64\comcli.dll
0x0000000056880000 - 0x00000000568ab000 	C:\Program Files\MATLAB\R2013a\bin\win64\ATL100.DLL
0x0000000006870000 - 0x000000000687c000 	C:\Program Files\MATLAB\R2013a\bin\win64\mlautoregister.dll
0x0000000006880000 - 0x00000000069d6000 	C:\Program Files\MATLAB\R2013a\bin\win64\mvm.dll
0x000007feff980000 - 0x000007feff9ae000 	C:\Windows\system32\IMM32.DLL
0x000007feff400000 - 0x000007feff509000 	C:\Windows\system32\MSCTF.dll
0x000007fefd760000 - 0x000007fefd791000 	C:\Windows\system32\nvinitx.dll
0x000000000f000000 - 0x000000000f006000 	C:\Program Files\NVIDIA Corporation\CoProcManager\detoured.dll
0x000007fef3d10000 - 0x000007fef3d3d000 	C:\Program Files\NVIDIA Corporation\CoProcManager\nvd3d9wrapx.dll
0x000007fef3c40000 - 0x000007fef3c62000 	C:\Program Files\NVIDIA Corporation\CoProcManager\nvdxgiwrapx.dll
0x000007fefa000000 - 0x000007fefa056000 	C:\Windows\system32\UxTheme.dll

VM Arguments:
jvm_args: -XX:PermSize=32m -Xms64m -XX:NewRatio=3 -XX:MaxPermSize=128m -Xmx196m -XX:MaxDirectMemorySize=2147400000 -Dsun.java2d.noddraw=true -Dsun.awt.nopixfmt=true -Xshare:off -Xrs -Dsun.awt.disableMixing=true -Djava.library.path=C:\Program Files\MATLAB\R2013a\bin\win64;C:\Program Files\MATLAB\R2013a\sys\jxbrowser\win64\lib vfprintf abort -XX:ParallelGCThreads=6 
java_command: <unknown>
Launcher Type: generic

Environment Variables:
CLASSPATH=.;C:\Program Files (x86)\Java\jre7\lib\ext\QTJava.zip
PATH=C:\Program Files (x86)\NVIDIA Corporation\PhysX\Common;C:\Program Files\Common Files\Microsoft Shared\Windows Live;C:\Program Files (x86)\Common Files\Microsoft Shared\Windows Live;c:\Program Files (x86)\Intel\iCLS Client\;c:\Program Files\Intel\iCLS Client\;C:\Windows\system32;C:\Windows;C:\Windows\System32\Wbem;C:\Windows\System32\WindowsPowerShell\v1.0\;C:\Program Files\Intel\Intel(R) Management Engine Components\DAL;C:\Program Files\Intel\Intel(R) Management Engine Components\IPT;C:\Program Files (x86)\Intel\Intel(R) Management Engine Components\DAL;C:\Program Files (x86)\Intel\Intel(R) Management Engine Components\IPT;c:\Program Files (x86)\Microsoft SQL Server\90\Tools\binn\;C:\Program Files (x86)\Microsoft SQL Server\80\Tools\Binn\;C:\Program Files (x86)\Common Files\AspenTech Shared\;C:\Program Files\MATLAB\R2013a\runtime\win64;C:\Program Files\MATLAB\R2013a\bin;C:\Program Files\MiKTeX 2.9\miktex\bin\x64\;C:\Program Files (x86)\Windows Live\Shared;C:\Program Files (x86)\QuickTime\QTSystem\;C:\Windows\twain_32\cnql60\;C:\Program Files\Intel\WiFi\bin\;C:\Program Files\Common Files\Intel\WirelessCommon\;AspenTech\Aspen Hydraulics;C:\Program Files\Intel\WiFi\bin\;C:\Program Files\Common Files\Intel\WirelessCommon\
USERNAME=David Vidal
OS=Windows_NT
PROCESSOR_IDENTIFIER=Intel64 Family 6 Model 58 Stepping 9, GenuineIntel



---------------  S Y S T E M  ---------------

OS: Windows 7 Build 7601 Service Pack 1

CPU:total 8 (8 cores per cpu, 2 threads per core) family 6 model 58 stepping 9, cmov, cx8, fxsr, mmx, sse, sse2, sse3, ssse3, sse4.1, sse4.2, ht

Memory: 4k page, physical 16656700k(7995764k free), swap 33311536k(21443752k free)

vm_info: Java HotSpot(TM) 64-Bit Server VM (14.3-b01) for windows-amd64 JRE (1.6.0_17-b04), built on Oct 11 2009 00:46:08 by "java_re" with MS VC++ 8.0

time: Fri May 16 21:39:57 2014
elapsed time: 646038 seconds

