#
# A fatal error has been detected by the Java Runtime Environment:
#
#  EXCEPTION_ACCESS_VIOLATION (0xc0000005) at pc=0x000000007b8c9c95, pid=1280, tid=10852
#
# JRE version: 6.0_17-b04
# Java VM: Java HotSpot(TM) 64-Bit Server VM (14.3-b01 mixed mode windows-amd64 )
# Problematic frame:
# C  [mlutil.dll+0x249c95]
#
# If you would like to submit a bug report, please visit:
#   http://java.sun.com/webapps/bugreport/crash.jsp
# The crash happened outside the Java Virtual Machine in native code.
# See problematic frame for where to report the bug.
#

---------------  T H R E A D  ---------------

Current thread (0x00000000545ce000):  JavaThread "AddressBar directory emptiness poller" daemon [_thread_in_native, id=10852, stack(0x00000000f8400000,0x00000000fc400000)]

siginfo: ExceptionCode=0xc0000005, reading address 0x0000000000000050

Registers:
EAX=0x00000000fc3ff2b8, EBX=0xffffffffffffffff, ECX=0x00000000097cd4d0, EDX=0x00000000fc3ff2b8
ESP=0x00000000fc3ff1d0, EBP=0x00000000fc3ff2b8, ESI=0x00000000fc3ff2b8, EDI=0x0000000000000000
EIP=0x000000007b8c9c95, EFLAGS=0x0000000000010202

Top of Stack: (sp=0x00000000fc3ff1d0)
0x00000000fc3ff1d0:   00000000545ce000 000000007b6a53d8
0x00000000fc3ff1e0:   00000000fc3ff540 00000000545ce1b8
0x00000000fc3ff1f0:   00000000fc3ff360 00000000097cd450
0x00000000fc3ff200:   00000000fc3ff2a8 000000007b8d5987
0x00000000fc3ff210:   00000000fc3ff2a8 00000000fc3ff2a8
0x00000000fc3ff220:   0000000000000000 000000007b68caa4
0x00000000fc3ff230:   00000000097ab010 fffffffffffffffe
0x00000000fc3ff240:   0000000000000000 00000000fc3ff428
0x00000000fc3ff250:   00000000fc3ff358 000000007b8d9be1
0x00000000fc3ff260:   0000000000000000 00000000fc3ff2a8
0x00000000fc3ff270:   000000006b41d8b8 000000007b74c60e
0x00000000fc3ff280:   fffffffffffffffe ffffffff00000001
0x00000000fc3ff290:   0000000000000000 00000000097cce20
0x00000000fc3ff2a0:   00000000097cce00 0000000000000000
0x00000000fc3ff2b0:   0000000000000000 00706f746b736564
0x00000000fc3ff2c0:   00000000fc3ff180 0000000000000007 

Instructions: (pc=0x000000007b8c9c95)
0x000000007b8c9c85:   48 83 ec 20 4c 8b 61 08 48 8b f2 49 8b 5c 24 08
0x000000007b8c9c95:   80 7b 51 00 0f 85 82 00 00 00 48 89 6c 24 40 48 


Stack: [0x00000000f8400000,0x00000000fc400000],  sp=0x00000000fc3ff1d0,  free space=65532k
Native frames: (J=compiled Java code, j=interpreted, Vv=VM code, C=native code)
C  [mlutil.dll+0x249c95]

Java frames: (J=compiled Java code, j=interpreted, Vv=VM code)
J  com.mathworks.services.settings.SettingPath.nativeIsChildNode(J[Ljava/lang/String;Ljava/lang/String;)Z
J  com.mathworks.services.settings.Setting.getInternal(ZLcom/mathworks/services/settings/SettingLevel;)Ljava/lang/Object;
J  com.mathworks.mlwidgets.explorer.widgets.address.AddressBar$EmptyPoller$1.run()V
J  java.util.TimerThread.mainLoop()V
j  java.util.TimerThread.run()V+1
v  ~StubRoutines::call_stub

---------------  P R O C E S S  ---------------

Java Threads: ( => current thread )
  0x0000000054bba800 JavaThread "Code Analyzer updating thread" [_thread_blocked, id=19476, stack(0x0000000170030000,0x0000000174030000)]
  0x0000000054bbc000 JavaThread "Foxtrot Multi Worker Thread Runner #1" daemon [_thread_blocked, id=19060, stack(0x000000016c030000,0x0000000170030000)]
  0x00000000545cf800 JavaThread "Explorer NavigationContext request queue" daemon [_thread_blocked, id=19164, stack(0x0000000184010000,0x0000000188010000)]
  0x00000000545d5800 JavaThread "Code Analyzer updating thread" [_thread_blocked, id=14000, stack(0x00000000e8400000,0x00000000ec400000)]
  0x00000000545cc000 JavaThread "Prefs Updater" daemon [_thread_blocked, id=6280, stack(0x00000000207e0000,0x00000000247e0000)]
  0x0000000054bb8000 JavaThread "Timer-2" daemon [_thread_blocked, id=10244, stack(0x0000000164030000,0x0000000168030000)]
  0x0000000054bb9800 JavaThread "com.jniwrapper.NativeResourceCollector" daemon [_thread_blocked, id=10004, stack(0x000000015c030000,0x0000000160030000)]
  0x0000000054bb8800 JavaThread "Swing-Shell" daemon [_thread_blocked, id=5632, stack(0x0000000168030000,0x000000016c030000)]
  0x0000000054bb5800 JavaThread "Code Analyzer updating thread" [_thread_blocked, id=4672, stack(0x0000000158030000,0x000000015c030000)]
  0x0000000054bb5000 JavaThread "Code Analyzer updating thread" [_thread_blocked, id=2456, stack(0x0000000154030000,0x0000000158030000)]
  0x0000000054bb4000 JavaThread "Code Analyzer updating thread" [_thread_blocked, id=11568, stack(0x0000000150030000,0x0000000154030000)]
  0x0000000054bb3800 JavaThread "Code Analyzer updating thread" [_thread_blocked, id=6632, stack(0x000000014c030000,0x0000000150030000)]
  0x0000000054bb3000 JavaThread "Code Analyzer updating thread" [_thread_blocked, id=5272, stack(0x0000000148030000,0x000000014c030000)]
  0x0000000054bb2000 JavaThread "Code Analyzer updating thread" [_thread_blocked, id=5928, stack(0x0000000144030000,0x0000000148030000)]
  0x0000000054bb1800 JavaThread "Code Analyzer updating thread" [_thread_blocked, id=8676, stack(0x0000000140030000,0x0000000144030000)]
  0x0000000054bb0800 JavaThread "Code Analyzer updating thread" [_thread_blocked, id=10500, stack(0x0000000138400000,0x000000013c400000)]
  0x0000000054bb0000 JavaThread "Code Analyzer updating thread" [_thread_blocked, id=11868, stack(0x0000000134400000,0x0000000138400000)]
  0x0000000054baf000 JavaThread "Code Analyzer updating thread" [_thread_blocked, id=2508, stack(0x0000000130400000,0x0000000134400000)]
  0x0000000054bae800 JavaThread "Code Analyzer updating thread" [_thread_blocked, id=4688, stack(0x000000012c400000,0x0000000130400000)]
  0x0000000054bad800 JavaThread "Code Analyzer updating thread" [_thread_blocked, id=8400, stack(0x0000000128400000,0x000000012c400000)]
  0x0000000054bad000 JavaThread "Code Analyzer updating thread" [_thread_blocked, id=6692, stack(0x0000000124400000,0x0000000128400000)]
  0x00000000545d6000 JavaThread "Code Analyzer updating thread" [_thread_blocked, id=9736, stack(0x0000000120400000,0x0000000124400000)]
  0x00000000545d4800 JavaThread "Code Analyzer updating thread" [_thread_blocked, id=9236, stack(0x000000011c400000,0x0000000120400000)]
  0x00000000545d4000 JavaThread "Code Analyzer updating thread" [_thread_blocked, id=6880, stack(0x0000000118400000,0x000000011c400000)]
  0x00000000545d3800 JavaThread "Code Analyzer updating thread" [_thread_blocked, id=4872, stack(0x0000000114400000,0x0000000118400000)]
  0x00000000545d2800 JavaThread "Code Analyzer updating thread" [_thread_blocked, id=4484, stack(0x0000000110400000,0x0000000114400000)]
  0x00000000545d2000 JavaThread "Active Reference Queue Daemon" daemon [_thread_blocked, id=11456, stack(0x000000010c400000,0x0000000110400000)]
  0x00000000545d1000 JavaThread "Timer-1" daemon [_thread_blocked, id=9672, stack(0x0000000108400000,0x000000010c400000)]
  0x00000000545d0800 JavaThread "ClipboardMonitor Timer" daemon [_thread_blocked, id=10896, stack(0x0000000104400000,0x0000000108400000)]
=>0x00000000545ce000 JavaThread "AddressBar directory emptiness poller" daemon [_thread_in_native, id=10852, stack(0x00000000f8400000,0x00000000fc400000)]
  0x00000000545cd800 JavaThread "Explorer Refresh Service 978341692" daemon [_thread_blocked, id=1220, stack(0x00000000f4400000,0x00000000f8400000)]
  0x00000000545cd000 JavaThread "Thread-4" daemon [_thread_blocked, id=10016, stack(0x00000000f0400000,0x00000000f4400000)]
  0x00000000545ca000 JavaThread "TimerQueue" daemon [_thread_blocked, id=9128, stack(0x00000000e0400000,0x00000000e4400000)]
  0x00000000545c9000 JavaThread "Thread-3" daemon [_thread_blocked, id=9652, stack(0x00000000d0400000,0x00000000d4400000)]
  0x00000000545c8800 JavaThread "AWT-EventQueue-0" [_thread_blocked, id=6808, stack(0x00000000cc400000,0x00000000d0400000)]
  0x00000000545c7800 JavaThread "AWT-Shutdown" [_thread_blocked, id=6480, stack(0x00000000bc400000,0x00000000c0400000)]
  0x00000000545c7000 JavaThread "FelixPackageAdmin" daemon [_thread_blocked, id=10768, stack(0x00000000dc400000,0x00000000e0400000)]
  0x00000000543c1800 JavaThread "FelixStartLevel" daemon [_thread_blocked, id=8200, stack(0x00000000d8400000,0x00000000dc400000)]
  0x0000000054a24000 JavaThread "FelixDispatchQueue" daemon [_thread_blocked, id=12236, stack(0x00000000d4400000,0x00000000d8400000)]
  0x0000000053f14800 JavaThread "com.google.common.base.internal.Finalizer" daemon [_thread_blocked, id=10472, stack(0x00000000c8400000,0x00000000cc400000)]
  0x0000000053e00800 JavaThread "AWT-Windows" daemon [_thread_in_native, id=4508, stack(0x00000000c0400000,0x00000000c4400000)]
  0x0000000053ecc000 JavaThread "Java2D Disposer" daemon [_thread_blocked, id=11744, stack(0x00000000b8400000,0x00000000bc400000)]
  0x0000000053ac0800 JavaThread "Timer-0" [_thread_blocked, id=9948, stack(0x00000000b4400000,0x00000000b8400000)]
  0x000000000e95f800 JavaThread "EventMgr Dispatcher" daemon [_thread_in_native, id=6488, stack(0x00000000b0400000,0x00000000b4400000)]
  0x000000000db1c800 JavaThread "Low Memory Detector" daemon [_thread_blocked, id=4064, stack(0x00000000a8400000,0x00000000ac400000)]
  0x000000000db16000 JavaThread "CompilerThread1" daemon [_thread_blocked, id=9676, stack(0x00000000a4400000,0x00000000a8400000)]
  0x000000000db0f800 JavaThread "CompilerThread0" daemon [_thread_blocked, id=8176, stack(0x00000000a0400000,0x00000000a4400000)]
  0x000000000db0a800 JavaThread "Attach Listener" daemon [_thread_blocked, id=12024, stack(0x000000009c400000,0x00000000a0400000)]
  0x000000000dab1000 JavaThread "Finalizer" daemon [_thread_blocked, id=10612, stack(0x0000000098400000,0x000000009c400000)]
  0x000000000daab000 JavaThread "Reference Handler" daemon [_thread_blocked, id=9416, stack(0x0000000094400000,0x0000000098400000)]
  0x0000000006cc8800 JavaThread "main" [_thread_in_native, id=6152, stack(0x0000000000030000,0x0000000004030000)]

Other Threads:
  0x000000000daa7000 VMThread [stack: 0x00000000640b0000,0x00000000680b0000] [id=10292]
  0x000000000db45800 WatcherThread [stack: 0x00000000ac400000,0x00000000b0400000] [id=3596]

VM state:not at safepoint (normal execution)

VM Mutex/Monitor currently owned by a thread: None

Heap
 PSYoungGen      total 16064K, used 2048K [0x0000000091300000, 0x0000000092300000, 0x0000000094400000)
  eden space 15744K, 11% used [0x0000000091300000,0x00000000914bc558,0x0000000092260000)
  from space 320K, 84% used [0x0000000092260000,0x00000000922a3b70,0x00000000922b0000)
  to   space 320K, 0% used [0x00000000922b0000,0x00000000922b0000,0x0000000092300000)
 PSOldGen        total 150528K, used 132546K [0x0000000088000000, 0x0000000091300000, 0x0000000091300000)
  object space 150528K, 88% used [0x0000000088000000,0x0000000090170a40,0x0000000091300000)
 PSPermGen       total 100672K, used 78718K [0x0000000080000000, 0x0000000086250000, 0x0000000088000000)
  object space 100672K, 78% used [0x0000000080000000,0x0000000084cdfa58,0x0000000086250000)

Dynamic libraries:
0x0000000140000000 - 0x0000000140028000 	C:\Program Files\MATLAB\R2013a\bin\win64\MATLAB.exe
0x00000000775e0000 - 0x0000000077789000 	C:\Windows\SYSTEM32\ntdll.dll
0x00000000773c0000 - 0x00000000774df000 	C:\Windows\system32\kernel32.dll
0x000007fefd5b0000 - 0x000007fefd61c000 	C:\Windows\system32\KERNELBASE.dll
0x0000000074460000 - 0x0000000074515000 	C:\Program Files\MATLAB\R2013a\bin\win64\libut.dll
0x00000000758a0000 - 0x000000007595f000 	C:\Program Files\MATLAB\R2013a\bin\win64\libmwi18n.dll
0x0000000180000000 - 0x000000018000d000 	C:\Program Files\MATLAB\R2013a\bin\win64\libmwresource_core.dll
0x0000000056f70000 - 0x0000000057008000 	C:\Program Files\MATLAB\R2013a\bin\win64\MSVCP100.dll
0x0000000079390000 - 0x0000000079462000 	C:\Program Files\MATLAB\R2013a\bin\win64\MSVCR100.dll
0x00000000640a0000 - 0x00000000640ae000 	C:\Program Files\MATLAB\R2013a\bin\win64\boost_date_time-vc100-mt-1_49.dll
0x0000000064050000 - 0x000000006407c000 	C:\Program Files\MATLAB\R2013a\bin\win64\boost_filesystem-vc100-mt-1_49.dll
0x0000000064040000 - 0x0000000064049000 	C:\Program Files\MATLAB\R2013a\bin\win64\boost_system-vc100-mt-1_49.dll
0x000007fefdba0000 - 0x000007fefdc7b000 	C:\Windows\system32\ADVAPI32.dll
0x000007feff170000 - 0x000007feff20f000 	C:\Windows\system32\msvcrt.dll
0x000007fefdc80000 - 0x000007fefdc9f000 	C:\Windows\SYSTEM32\sechost.dll
0x000007feff040000 - 0x000007feff16d000 	C:\Windows\system32\RPCRT4.dll
0x000000005ab60000 - 0x000000005ab85000 	C:\Program Files\MATLAB\R2013a\bin\win64\LIBEXPAT.dll
0x0000000073590000 - 0x000000007371a000 	C:\Program Files\MATLAB\R2013a\bin\win64\icuin49.dll
0x0000000073e00000 - 0x0000000073f3e000 	C:\Program Files\MATLAB\R2013a\bin\win64\icuuc49.dll
0x000000000f6b0000 - 0x00000000107d2000 	C:\Program Files\MATLAB\R2013a\bin\win64\icudt49.dll
0x000000005ab20000 - 0x000000005ab30000 	C:\Program Files\MATLAB\R2013a\bin\win64\icuio49.dll
0x0000000073f70000 - 0x0000000074112000 	C:\Program Files\MATLAB\R2013a\bin\win64\libmwfl.dll
0x000000007a350000 - 0x000000007a737000 	C:\Program Files\MATLAB\R2013a\bin\win64\libmwMATLAB_res.dll
0x0000000074210000 - 0x00000000742ef000 	C:\Program Files\MATLAB\R2013a\bin\win64\boost_regex-vc100-mt-1_49.dll
0x00000000774e0000 - 0x00000000775da000 	C:\Windows\system32\USER32.dll
0x000007fefdd40000 - 0x000007fefdda7000 	C:\Windows\system32\GDI32.dll
0x000007fefef90000 - 0x000007fefef9e000 	C:\Windows\system32\LPK.dll
0x000007fefd870000 - 0x000007fefd939000 	C:\Windows\system32\USP10.dll
0x0000000057460000 - 0x0000000057471000 	C:\Program Files\MATLAB\R2013a\bin\win64\boost_signals-vc100-mt-1_49.dll
0x0000000057440000 - 0x0000000057451000 	C:\Program Files\MATLAB\R2013a\bin\win64\boost_thread-vc100-mt-1_49.dll
0x000007fed2440000 - 0x000007fed24cc000 	C:\Program Files\MATLAB\R2013a\bin\win64\boost_log-vc100-mt-1_49.dll
0x00000000777b0000 - 0x00000000777b7000 	C:\Windows\system32\PSAPI.DLL
0x000007feff6f0000 - 0x000007feff73d000 	C:\Windows\system32\WS2_32.dll
0x000007fefddb0000 - 0x000007fefddb8000 	C:\Windows\system32\NSI.dll
0x000007feea4b0000 - 0x000007feea4e3000 	C:\Program Files\MATLAB\R2013a\bin\win64\tbb.dll
0x000007feff740000 - 0x000007feff759000 	C:\Windows\system32\imagehlp.dll
0x000007fefbfe0000 - 0x000007fefc00c000 	C:\Windows\system32\POWRPROF.dll
0x000007fefd9c0000 - 0x000007fefdb97000 	C:\Windows\system32\SETUPAPI.dll
0x000007fefd6c0000 - 0x000007fefd6f6000 	C:\Windows\system32\CFGMGR32.dll
0x000007fefd790000 - 0x000007fefd867000 	C:\Windows\system32\OLEAUT32.dll
0x000007feff4e0000 - 0x000007feff6e3000 	C:\Windows\system32\ole32.dll
0x000007fefd530000 - 0x000007fefd54a000 	C:\Windows\system32\DEVOBJ.dll
0x0000000004200000 - 0x0000000004221000 	C:\Program Files\MATLAB\R2013a\bin\win64\libmwmfl_scalar.dll
0x000007fef2a80000 - 0x000007fef2ba5000 	C:\Windows\system32\dbghelp.dll
0x0000000004230000 - 0x000000000455f000 	C:\Program Files\MATLAB\R2013a\bin\win64\libmwservices.dll
0x0000000075a20000 - 0x0000000075b0b000 	C:\Program Files\MATLAB\R2013a\bin\win64\libmx.dll
0x000007feea260000 - 0x000007feea288000 	C:\Program Files\MATLAB\R2013a\bin\win64\tbbmalloc.dll
0x0000000057420000 - 0x0000000057437000 	C:\Program Files\MATLAB\R2013a\bin\win64\zlib1.dll
0x0000000004560000 - 0x00000000045ae000 	C:\Program Files\MATLAB\R2013a\bin\win64\libmwregexp.dll
0x0000000075f10000 - 0x0000000075f57000 	C:\Program Files\MATLAB\R2013a\bin\win64\mpath.dll
0x000000007b680000 - 0x000000007bc66000 	C:\Program Files\MATLAB\R2013a\bin\win64\mlutil.dll
0x00000000754d0000 - 0x0000000075547000 	C:\Program Files\MATLAB\R2013a\bin\win64\xmlcore.dll
0x000000007acc0000 - 0x000000007af01000 	C:\Program Files\MATLAB\R2013a\bin\win64\xerces-c_2_7.dll
0x00000000045c0000 - 0x00000000045e2000 	C:\Program Files\MATLAB\R2013a\bin\win64\libmwMATLAB_settings_res.dll
0x000007fef5530000 - 0x000007fef5540000 	C:\Program Files\MATLAB\R2013a\bin\win64\boost_iostreams-vc100-mt-1_49.dll
0x000007fee8df0000 - 0x000007fee8e36000 	C:\Program Files\MATLAB\R2013a\bin\win64\boost_serialization-vc100-mt-1_49.dll
0x000007fefde20000 - 0x000007fefeba8000 	C:\Windows\system32\SHELL32.dll
0x000007fefef10000 - 0x000007fefef81000 	C:\Windows\system32\SHLWAPI.dll
0x00000000045f0000 - 0x00000000045f6000 	C:\Program Files\MATLAB\R2013a\bin\win64\libmwnativedisplay.dll
0x000007fef8220000 - 0x000007fef82c0000 	C:\Windows\WinSxS\amd64_microsoft.windows.common-controls_6595b64144ccf1df_5.82.7601.18201_none_a4d3b9377117c3df\COMCTL32.dll
0x000007fefdca0000 - 0x000007fefdd37000 	C:\Windows\system32\COMDLG32.dll
0x000007fefc620000 - 0x000007fefc636000 	C:\Windows\system32\NETAPI32.dll
0x000007fefc720000 - 0x000007fefc72c000 	C:\Windows\system32\netutils.dll
0x000007fefcde0000 - 0x000007fefce03000 	C:\Windows\system32\srvcli.dll
0x000007fefc600000 - 0x000007fefc615000 	C:\Windows\system32\wkscli.dll
0x0000000074970000 - 0x0000000074a18000 	C:\Program Files\MATLAB\R2013a\bin\win64\mcr.dll
0x0000000075000000 - 0x00000000753b1000 	C:\Program Files\MATLAB\R2013a\bin\win64\iqm.dll
0x0000000074e80000 - 0x0000000074f30000 	C:\Program Files\MATLAB\R2013a\bin\win64\m_dispatcher.dll
0x0000000004600000 - 0x0000000004e08000 	C:\Program Files\MATLAB\R2013a\bin\win64\m_interpreter.dll
0x0000000004e10000 - 0x0000000004e34000 	C:\Program Files\MATLAB\R2013a\bin\win64\libmex.dll
0x0000000075430000 - 0x00000000754ab000 	C:\Program Files\MATLAB\R2013a\bin\win64\profiler.dll
0x0000000004e40000 - 0x00000000050c3000 	C:\Program Files\MATLAB\R2013a\bin\win64\libmwmathutil.dll
0x0000000079f40000 - 0x0000000079f66000 	C:\Program Files\MATLAB\R2013a\bin\win64\libmwmathrng.dll
0x00000000050d0000 - 0x00000000050e0000 	C:\Program Files\MATLAB\R2013a\bin\win64\libmwmfl_rng.dll
0x0000000074c10000 - 0x0000000074cf8000 	C:\Program Files\MATLAB\R2013a\bin\win64\libmwmathcore.dll
0x0000000076160000 - 0x00000000761c3000 	C:\Program Files\MATLAB\R2013a\bin\win64\libmwspmatrix.dll
0x000000007b0a0000 - 0x000000007b2f6000 	C:\Program Files\MATLAB\R2013a\bin\win64\mcos.dll
0x0000000075ea0000 - 0x0000000075f02000 	C:\Program Files\MATLAB\R2013a\bin\win64\libmwcholmod.dll
0x00000000050f0000 - 0x00000000050fd000 	C:\Program Files\MATLAB\R2013a\bin\win64\libmwamd.dll
0x000000006ac10000 - 0x000000006acb3000 	C:\Windows\WinSxS\amd64_microsoft.vc90.crt_1fc8b3b9a1e18e3b_9.0.30729.6161_none_08e61857a83bc251\MSVCR90.dll
0x0000000005110000 - 0x000000000511c000 	C:\Program Files\MATLAB\R2013a\bin\win64\libmwcolamd.dll
0x000000007a290000 - 0x000000007a2a3000 	C:\Program Files\MATLAB\R2013a\bin\win64\libmwblas.dll
0x000000007a310000 - 0x000000007a325000 	C:\Program Files\MATLAB\R2013a\bin\win64\libmwbinder.dll
0x0000000005130000 - 0x000000000513b000 	C:\Program Files\MATLAB\R2013a\bin\win64\libmwompwrapper.dll
0x0000000075820000 - 0x000000007589e000 	C:\Program Files\MATLAB\R2013a\bin\win64\libmwlapack.dll
0x000000007a1b0000 - 0x000000007a1d0000 	C:\Program Files\MATLAB\R2013a\bin\win64\m_pcodeio.dll
0x0000000079b10000 - 0x0000000079b6c000 	C:\Program Files\MATLAB\R2013a\bin\win64\m_ir.dll
0x0000000005140000 - 0x00000000057e9000 	C:\Program Files\MATLAB\R2013a\bin\win64\m_parser.dll
0x000000007a2f0000 - 0x000000007a307000 	C:\Program Files\MATLAB\R2013a\bin\win64\ir_xfmr.dll
0x00000000057f0000 - 0x0000000005800000 	C:\Program Files\MATLAB\R2013a\bin\win64\mtok.dll
0x000000007a130000 - 0x000000007a158000 	C:\Program Files\MATLAB\R2013a\bin\win64\m_pcodegen.dll
0x0000000079fb0000 - 0x0000000079fdf000 	C:\Program Files\MATLAB\R2013a\bin\win64\libmwbridge.dll
0x0000000074f40000 - 0x0000000074ff6000 	C:\Program Files\MATLAB\R2013a\bin\win64\udd.dll
0x0000000005800000 - 0x000000000594e000 	C:\Program Files\MATLAB\R2013a\bin\win64\libmwgui.dll
0x000000007a1d0000 - 0x000000007a1f4000 	C:\Program Files\MATLAB\R2013a\bin\win64\graphics_util.dll
0x000007fecf4b0000 - 0x000007fecf568000 	C:\Program Files\MATLAB\R2013a\bin\win64\libtex_base.dll
0x0000000005950000 - 0x0000000006293000 	C:\Program Files\MATLAB\R2013a\bin\win64\hg.dll
0x0000000076100000 - 0x000000007615a000 	C:\Program Files\MATLAB\R2013a\bin\win64\libmat.dll
0x0000000072d30000 - 0x0000000072f38000 	C:\Program Files\MATLAB\R2013a\bin\win64\hdf5dll.dll
0x0000000075710000 - 0x00000000757d8000 	C:\Program Files\MATLAB\R2013a\bin\win64\jmi.dll
0x00000000062b0000 - 0x00000000062be000 	C:\Program Files\MATLAB\R2013a\bin\win64\nativejava_services.dll
0x00000000062c0000 - 0x0000000006300000 	C:\Program Files\MATLAB\R2013a\bin\win64\libmwhardcopy.dll
0x0000000075c70000 - 0x0000000075cce000 	C:\Program Files\MATLAB\R2013a\bin\win64\libuij.dll
0x0000000072f50000 - 0x000000007318f000 	C:\Program Files\MATLAB\R2013a\bin\win64\hgdatatypes.dll
0x0000000006300000 - 0x00000000063eb000 	C:\Program Files\MATLAB\R2013a\bin\win64\hgutils.dll
0x00000000063f0000 - 0x000000000649e000 	C:\Program Files\MATLAB\R2013a\bin\win64\udd_mi.dll
0x00000000064a0000 - 0x00000000064d6000 	C:\Program Files\MATLAB\R2013a\bin\win64\libmwgbtutils.dll
0x00000000064e0000 - 0x00000000064f4000 	C:\Program Files\MATLAB\R2013a\bin\win64\libmwgbt.dll
0x0000000006500000 - 0x00000000067ce000 	C:\Program Files\MATLAB\R2013a\bin\win64\uiw.dll
0x00000000067d0000 - 0x00000000067d9000 	C:\Program Files\MATLAB\R2013a\bin\win64\uinone.dll
0x00000000067e0000 - 0x0000000006806000 	C:\Program Files\MATLAB\R2013a\bin\win64\libmwnativefiledialogs.dll
0x0000000006810000 - 0x000000000681c000 	C:\Program Files\MATLAB\R2013a\bin\win64\libmwplatform_res.dll
0x000007fef74e0000 - 0x000007fef74f8000 	C:\Windows\system32\MPR.dll
0x0000000078be0000 - 0x000000007913d000 	C:\Program Files\MATLAB\R2013a\bin\win64\mfc100.dll
0x000007fef9c40000 - 0x000007fef9c47000 	C:\Windows\system32\MSIMG32.dll
0x000007fef9c50000 - 0x000007fef9cc1000 	C:\Windows\system32\WINSPOOL.DRV
0x0000000006820000 - 0x000000000683d000 	C:\Program Files\MATLAB\R2013a\bin\win64\mwoles05.DLL
0x0000000006840000 - 0x00000000068ac000 	C:\Program Files\MATLAB\R2013a\bin\win64\comcli.dll
0x00000000573f0000 - 0x000000005741b000 	C:\Program Files\MATLAB\R2013a\bin\win64\ATL100.DLL
0x00000000068b0000 - 0x00000000068bc000 	C:\Program Files\MATLAB\R2013a\bin\win64\mlautoregister.dll
0x00000000068c0000 - 0x0000000006a16000 	C:\Program Files\MATLAB\R2013a\bin\win64\mvm.dll
0x000007fefd760000 - 0x000007fefd78e000 	C:\Windows\system32\IMM32.DLL
0x000007fefebb0000 - 0x000007fefecb9000 	C:\Windows\system32\MSCTF.dll
0x000007fefd2d0000 - 0x000007fefd301000 	C:\Windows\system32\nvinitx.dll
0x000000000f000000 - 0x000000000f006000 	C:\Program Files\NVIDIA Corporation\CoProcManager\detoured.dll
0x000007fef8a40000 - 0x000007fef8a72000 	C:\Program Files\NVIDIA Corporation\CoProcManager\nvd3d9wrapx.dll
0x000007fef86a0000 - 0x000007fef86c2000 	C:\Program Files\NVIDIA Corporation\CoProcManager\nvdxgiwrapx.dll
0x000007fefa430000 - 0x000007fefa486000 	C:\Windows\system32\UxTheme.dll

VM Arguments:
jvm_args: -XX:PermSize=32m -Xms64m -XX:NewRatio=3 -XX:MaxPermSize=128m -Xmx196m -XX:MaxDirectMemorySize=2147400000 -Dsun.java2d.noddraw=true -Dsun.awt.nopixfmt=true -Xshare:off -Xrs -Dsun.awt.disableMixing=true -Djava.library.path=C:\Program Files\MATLAB\R2013a\bin\win64;C:\Program Files\MATLAB\R2013a\sys\jxbrowser\win64\lib vfprintf abort -XX:ParallelGCThreads=6 
java_command: <unknown>
Launcher Type: generic

Environment Variables:
PATH=C:\Program Files (x86)\NVIDIA Corporation\PhysX\Common;C:\Program Files\Common Files\Microsoft Shared\Windows Live;C:\Program Files (x86)\Common Files\Microsoft Shared\Windows Live;c:\Program Files (x86)\Intel\iCLS Client\;c:\Program Files\Intel\iCLS Client\;C:\Windows\system32;C:\Windows;C:\Windows\System32\Wbem;C:\Windows\System32\WindowsPowerShell\v1.0\;C:\Program Files\Intel\Intel(R) Management Engine Components\DAL;C:\Program Files\Intel\Intel(R) Management Engine Components\IPT;C:\Program Files (x86)\Intel\Intel(R) Management Engine Components\DAL;C:\Program Files (x86)\Intel\Intel(R) Management Engine Components\IPT;c:\Program Files (x86)\Microsoft SQL Server\90\Tools\binn\;C:\Program Files (x86)\Microsoft SQL Server\80\Tools\Binn\;C:\Program Files (x86)\Common Files\AspenTech Shared\;C:\Program Files\MATLAB\R2013a\runtime\win64;C:\Program Files\MATLAB\R2013a\bin;C:\Program Files\MiKTeX 2.9\miktex\bin\x64\;C:\Program Files (x86)\Windows Live\Shared;C:\Windows\twain_32\cnql60\;C:\Program Files\Intel\WiFi\bin\;C:\Program Files\Common Files\Intel\WirelessCommon\;C:\Program Files (x86)\QuickTime\QTSystem\;C:\Program Files\Microsoft SQL Server\110\Tools\Binn\;C:\Program Files\Intel\WiFi\bin\;C:\Program Files\Common Files\Intel\WirelessCommon\;AspenTech\Aspen Hydraulics
USERNAME=David Vidal
OS=Windows_NT
PROCESSOR_IDENTIFIER=Intel64 Family 6 Model 58 Stepping 9, GenuineIntel



---------------  S Y S T E M  ---------------

OS: Windows 7 Build 7601 Service Pack 1

CPU:total 8 (8 cores per cpu, 2 threads per core) family 6 model 58 stepping 9, cmov, cx8, fxsr, mmx, sse, sse2, sse3, ssse3, sse4.1, sse4.2, ht

Memory: 4k page, physical 16656700k(9563172k free), swap 33311536k(24622312k free)

vm_info: Java HotSpot(TM) 64-Bit Server VM (14.3-b01) for windows-amd64 JRE (1.6.0_17-b04), built on Oct 11 2009 00:46:08 by "java_re" with MS VC++ 8.0

time: Sun Dec 07 10:52:46 2014
elapsed time: 505605 seconds

